<?xml version="1.0" encoding="UTF-8"?>
<!-- Generated by org.testng.reporters.JUnitReportReporter -->
<testsuite hostname="Home-Laptop" failures="0" tests="10" name="com.mindtree.runner.runner" time="61.164" errors="0" timestamp="2021-09-27T17:36:33 IST" skipped="0">
  <testcase classname="com.mindtree.runner.runner" name="signup" time="14.276"/>
  <system-out/>
  <testcase classname="com.mindtree.runner.runner" name="detailsupdate" time="7.771"/>
  <system-out/>
  <testcase classname="com.mindtree.runner.runner" name="store" time="8.996"/>
  <system-out/>
  <testcase classname="com.mindtree.runner.runner" name="cusStories" time="5.456"/>
  <system-out/>
  <testcase classname="com.mindtree.runner.runner" name="abtcompany" time="1.817"/>
  <system-out/>
  <testcase classname="com.mindtree.runner.runner" name="search" time="5.079"/>
  <system-out/>
  <testcase classname="com.mindtree.runner.runner" name="addcart" time="6.617"/>
  <system-out/>
  <testcase classname="com.mindtree.runner.runner" name="EMI" time="5.333"/>
  <system-out/>
  <testcase classname="com.mindtree.runner.runner" name="giveaway" time="1.734"/>
  <system-out/>
  <testcase classname="com.mindtree.runner.runner" name="logout" time="4.085"/>
  <system-out/>
</testsuite> <!-- com.mindtree.runner.runner -->
