<?xml version="1.0" encoding="UTF-8"?>
<!-- Generated by org.testng.reporters.JUnitReportReporter -->
<testsuite skipped="0" hostname="DESKTOP-H2EA99N" name="com.mindtree.runner.runner" tests="10" failures="0" timestamp="2021-09-29T08:25:05 IST" time="41.303" errors="0">
  <testcase name="signup" time="12.120" classname="com.mindtree.runner.runner"/>
  <system-out/>
  <testcase name="detailsupdate" time="10.328" classname="com.mindtree.runner.runner"/>
  <system-out/>
  <testcase name="store" time="3.985" classname="com.mindtree.runner.runner"/>
  <system-out/>
  <testcase name="cusStories" time="2.014" classname="com.mindtree.runner.runner"/>
  <system-out/>
  <testcase name="abtcompany" time="0.985" classname="com.mindtree.runner.runner"/>
  <system-out/>
  <testcase name="search" time="1.826" classname="com.mindtree.runner.runner"/>
  <system-out/>
  <testcase name="addcart" time="5.224" classname="com.mindtree.runner.runner"/>
  <system-out/>
  <testcase name="EMI" time="2.069" classname="com.mindtree.runner.runner"/>
  <system-out/>
  <testcase name="giveaway" time="0.749" classname="com.mindtree.runner.runner"/>
  <system-out/>
  <testcase name="logout" time="2.003" classname="com.mindtree.runner.runner"/>
  <system-out/>
</testsuite> <!-- com.mindtree.runner.runner -->
